[     8.371] (--) Log file renamed from "/home/walter/.local/share/xorg/Xorg.pid-986.log" to "/home/walter/.local/share/xorg/Xorg.0.log"
[     8.392] 
X.Org X Server 1.20.5
X Protocol Version 11, Revision 0
[     8.392] Build Operating System: Linux 4.4.0-170-generic x86_64 Ubuntu
[     8.392] Current Operating System: Linux myserver 5.3.0-51-generic #44~18.04.2-Ubuntu SMP Thu Apr 23 14:27:18 UTC 2020 x86_64
[     8.392] Kernel command line: BOOT_IMAGE=/boot/vmlinuz-5.3.0-51-generic root=UUID=c110c99d-f853-4146-98da-10e101c189de ro find_preseed=/preseed.cfg auto noprompt priority=critical locale=en_US quiet
[     8.392] Build Date: 18 December 2019  08:15:29AM
[     8.392] xorg-server-hwe-18.04 2:1.20.5+git20191008-0ubuntu1~18.04.1 (For technical support please see http://www.ubuntu.com/support) 
[     8.392] Current version of pixman: 0.34.0
[     8.392] 	Before reporting problems, check http://wiki.x.org
	to make sure that you have the latest version.
[     8.392] Markers: (--) probed, (**) from config file, (==) default setting,
	(++) from command line, (!!) notice, (II) informational,
	(WW) warning, (EE) error, (NI) not implemented, (??) unknown.
[     8.392] (==) Log file: "/home/walter/.local/share/xorg/Xorg.0.log", Time: Thu May 14 03:23:57 2020
[     8.397] (==) Using system config directory "/usr/share/X11/xorg.conf.d"
[     8.399] (==) No Layout section.  Using the first Screen section.
[     8.399] (==) No screen section available. Using defaults.
[     8.399] (**) |-->Screen "Default Screen Section" (0)
[     8.400] (**) |   |-->Monitor "<default monitor>"
[     8.401] (==) No monitor specified for screen "Default Screen Section".
	Using a default monitor configuration.
[     8.401] (==) Automatically adding devices
[     8.401] (==) Automatically enabling devices
[     8.401] (==) Automatically adding GPU devices
[     8.401] (==) Automatically binding GPU devices
[     8.401] (==) Max clients allowed: 256, resource mask: 0x1fffff
[     8.415] (WW) The directory "/usr/share/fonts/X11/cyrillic" does not exist.
[     8.415] 	Entry deleted from font path.
[     8.415] (WW) The directory "/usr/share/fonts/X11/100dpi/" does not exist.
[     8.415] 	Entry deleted from font path.
[     8.415] (WW) The directory "/usr/share/fonts/X11/75dpi/" does not exist.
[     8.415] 	Entry deleted from font path.
[     8.415] (WW) The directory "/usr/share/fonts/X11/100dpi" does not exist.
[     8.416] 	Entry deleted from font path.
[     8.416] (WW) The directory "/usr/share/fonts/X11/75dpi" does not exist.
[     8.416] 	Entry deleted from font path.
[     8.416] (==) FontPath set to:
	/usr/share/fonts/X11/misc,
	/usr/share/fonts/X11/Type1,
	built-ins
[     8.416] (==) ModulePath set to "/usr/lib/xorg/modules"
[     8.416] (II) The server relies on udev to provide the list of input devices.
	If no devices become available, reconfigure udev or disable AutoAddDevices.
[     8.416] (II) Loader magic: 0x558dde54b020
[     8.416] (II) Module ABI versions:
[     8.416] 	X.Org ANSI C Emulation: 0.4
[     8.416] 	X.Org Video Driver: 24.0
[     8.416] 	X.Org XInput driver : 24.1
[     8.416] 	X.Org Server Extension : 10.0
[     8.420] (++) using VT number 1

[     8.423] (II) systemd-logind: took control of session /org/freedesktop/login1/session/_31
[     8.425] (II) xfree86: Adding drm device (/dev/dri/card0)
[     8.430] (II) systemd-logind: got fd for /dev/dri/card0 226:0 fd 12 paused 0
[     8.439] (--) PCI:*(0@0:15:0) 15ad:0405:15ad:0405 rev 0, Mem @ 0xe8000000/134217728, 0xfe000000/8388608, I/O @ 0x00001070/16, BIOS @ 0x????????/131072
[     8.439] (II) LoadModule: "glx"
[     8.440] (II) Loading /usr/lib/xorg/modules/extensions/libglx.so
[     8.487] (II) Module glx: vendor="X.Org Foundation"
[     8.487] 	compiled for 1.20.5, module version = 1.0.0
[     8.487] 	ABI class: X.Org Server Extension, version 10.0
[     8.487] (==) Matched vmware as autoconfigured driver 0
[     8.487] (==) Matched modesetting as autoconfigured driver 1
[     8.487] (==) Matched fbdev as autoconfigured driver 2
[     8.487] (==) Matched vesa as autoconfigured driver 3
[     8.487] (==) Assigned the driver to the xf86ConfigLayout
[     8.487] (II) LoadModule: "vmware"
[     8.487] (II) Loading /usr/lib/xorg/modules/drivers/vmware_drv.so
[     8.932] (II) Module vmware: vendor="X.Org Foundation"
[     8.932] 	compiled for 1.20.1, module version = 13.3.0
[     8.932] 	Module class: X.Org Video Driver
[     8.932] 	ABI class: X.Org Video Driver, version 24.0
[     8.932] (II) LoadModule: "modesetting"
[     8.932] (II) Loading /usr/lib/xorg/modules/drivers/modesetting_drv.so
[     8.934] (II) Module modesetting: vendor="X.Org Foundation"
[     8.934] 	compiled for 1.20.5, module version = 1.20.5
[     8.934] 	Module class: X.Org Video Driver
[     8.934] 	ABI class: X.Org Video Driver, version 24.0
[     8.934] (II) LoadModule: "fbdev"
[     8.934] (II) Loading /usr/lib/xorg/modules/drivers/fbdev_drv.so
[     8.935] (II) Module fbdev: vendor="X.Org Foundation"
[     8.935] 	compiled for 1.20.1, module version = 0.5.0
[     8.936] 	Module class: X.Org Video Driver
[     8.936] 	ABI class: X.Org Video Driver, version 24.0
[     8.936] (II) LoadModule: "vesa"
[     8.936] (II) Loading /usr/lib/xorg/modules/drivers/vesa_drv.so
[     8.936] (II) Module vesa: vendor="X.Org Foundation"
[     8.936] 	compiled for 1.20.1, module version = 2.4.0
[     8.936] 	Module class: X.Org Video Driver
[     8.936] 	ABI class: X.Org Video Driver, version 24.0
[     8.936] (II) vmware: driver for VMware SVGA: vmware0405, vmware0710
[     8.937] (II) modesetting: Driver for Modesetting Kernel Drivers: kms
[     8.937] (II) FBDEV: driver for framebuffer: fbdev
[     8.937] (II) VESA: driver for VESA chipsets: vesa
[     8.937] xf86EnableIOPorts: failed to set IOPL for I/O (Operation not permitted)
[     8.937] (WW) Falling back to old probe method for modesetting
[     8.937] (WW) Falling back to old probe method for fbdev
[     8.937] (II) Loading sub module "fbdevhw"
[     8.937] (II) LoadModule: "fbdevhw"
[     8.937] (II) Loading /usr/lib/xorg/modules/libfbdevhw.so
[     8.938] (II) Module fbdevhw: vendor="X.Org Foundation"
[     8.938] 	compiled for 1.20.5, module version = 0.0.2
[     8.938] 	ABI class: X.Org Video Driver, version 24.0
[     8.938] (EE) open /dev/fb0: Permission denied
[     8.939] (WW) VGA arbiter: cannot open kernel arbiter, no multi-card support
[     8.939] (II) vmware(0): Creating default Display subsection in Screen section
	"Default Screen Section" for depth/fbbpp 24/32
[     8.939] (--) vmware(0): DRM driver version is 2.15.0
[     8.939] (==) vmware(0): Depth 24, (--) framebuffer bpp 32
[     8.939] (==) vmware(0): RGB weight 888
[     8.939] (==) vmware(0): Default visual is TrueColor
[     8.939] (--) vmware(0): Min width 1, Max Width 16384.
[     8.939] (--) vmware(0): Min height 1, Max Height 16384.
[     8.940] (II) vmware(0): Output Virtual1 has no monitor section
[     8.940] (II) vmware(0): Output Virtual2 has no monitor section
[     8.941] (II) vmware(0): Output Virtual3 has no monitor section
[     8.941] (II) vmware(0): Output Virtual4 has no monitor section
[     8.941] (II) vmware(0): Output Virtual5 has no monitor section
[     8.941] (II) vmware(0): Output Virtual6 has no monitor section
[     8.941] (II) vmware(0): Output Virtual7 has no monitor section
[     8.941] (II) vmware(0): Output Virtual8 has no monitor section
[     8.941] (II) vmware(0): Printing probed modes for output Virtual1
[     8.941] (II) vmware(0): Modeline "1718x938"x60.0  121.94  1718 1768 1818 1868  938 988 1038 1088 -hsync +vsync (65.3 kHz eP)
[     8.941] (II) vmware(0): Modeline "2560x1600"x60.0  348.50  2560 2752 3032 3504  1600 1603 1609 1658 -hsync +vsync (99.5 kHz e)
[     8.941] (II) vmware(0): Modeline "1920x1440"x60.0  234.00  1920 2048 2256 2600  1440 1441 1444 1500 -hsync +vsync (90.0 kHz e)
[     8.941] (II) vmware(0): Modeline "1856x1392"x60.0  218.25  1856 1952 2176 2528  1392 1393 1396 1439 -hsync +vsync (86.3 kHz e)
[     8.941] (II) vmware(0): Modeline "1792x1344"x60.0  204.75  1792 1920 2120 2448  1344 1345 1348 1394 -hsync +vsync (83.6 kHz e)
[     8.941] (II) vmware(0): Modeline "1920x1200"x59.9  193.25  1920 2056 2256 2592  1200 1203 1209 1245 -hsync +vsync (74.6 kHz e)
[     8.941] (II) vmware(0): Modeline "1600x1200"x60.0  162.00  1600 1664 1856 2160  1200 1201 1204 1250 +hsync +vsync (75.0 kHz e)
[     8.941] (II) vmware(0): Modeline "1680x1050"x60.0  146.25  1680 1784 1960 2240  1050 1053 1059 1089 -hsync +vsync (65.3 kHz e)
[     8.941] (II) vmware(0): Modeline "1400x1050"x60.0  121.75  1400 1488 1632 1864  1050 1053 1057 1089 -hsync +vsync (65.3 kHz e)
[     8.941] (II) vmware(0): Modeline "1280x1024"x60.0  108.00  1280 1328 1440 1688  1024 1025 1028 1066 +hsync +vsync (64.0 kHz e)
[     8.941] (II) vmware(0): Modeline "1440x900"x59.9  106.50  1440 1520 1672 1904  900 903 909 934 -hsync +vsync (55.9 kHz e)
[     8.941] (II) vmware(0): Modeline "1280x960"x60.0  108.00  1280 1376 1488 1800  960 961 964 1000 +hsync +vsync (60.0 kHz e)
[     8.941] (II) vmware(0): Modeline "1360x768"x60.0   85.50  1360 1424 1536 1792  768 771 777 795 +hsync +vsync (47.7 kHz e)
[     8.941] (II) vmware(0): Modeline "1280x800"x59.8   83.50  1280 1352 1480 1680  800 803 809 831 +hsync -vsync (49.7 kHz e)
[     8.941] (II) vmware(0): Modeline "1152x864"x75.0  108.00  1152 1216 1344 1600  864 865 868 900 +hsync +vsync (67.5 kHz e)
[     8.941] (II) vmware(0): Modeline "1280x768"x59.9   79.50  1280 1344 1472 1664  768 771 778 798 -hsync +vsync (47.8 kHz e)
[     8.941] (II) vmware(0): Modeline "1024x768"x60.0   65.00  1024 1048 1184 1344  768 771 777 806 -hsync -vsync (48.4 kHz e)
[     8.941] (II) vmware(0): Modeline "800x600"x60.3   40.00  800 840 968 1056  600 601 605 628 +hsync +vsync (37.9 kHz e)
[     8.941] (II) vmware(0): Modeline "640x480"x59.9   25.18  640 656 752 800  480 489 492 525 -hsync -vsync (31.5 kHz e)
[     8.941] (II) vmware(0): EDID for output Virtual2
[     8.941] (II) vmware(0): EDID for output Virtual3
[     8.941] (II) vmware(0): EDID for output Virtual4
[     8.942] (II) vmware(0): EDID for output Virtual5
[     8.942] (II) vmware(0): EDID for output Virtual6
[     8.942] (II) vmware(0): EDID for output Virtual7
[     8.942] (II) vmware(0): EDID for output Virtual8
[     8.942] (II) vmware(0): Output Virtual1 connected
[     8.942] (II) vmware(0): Output Virtual2 disconnected
[     8.942] (II) vmware(0): Output Virtual3 disconnected
[     8.942] (II) vmware(0): Output Virtual4 disconnected
[     8.942] (II) vmware(0): Output Virtual5 disconnected
[     8.942] (II) vmware(0): Output Virtual6 disconnected
[     8.942] (II) vmware(0): Output Virtual7 disconnected
[     8.942] (II) vmware(0): Output Virtual8 disconnected
[     8.942] (II) vmware(0): Using exact sizes for initial modes
[     8.942] (II) vmware(0): Output Virtual1 using initial mode 1718x938 +0+0
[     8.942] (==) vmware(0): DPI set to (96, 96)
[     8.942] (==) vmware(0): Using gamma correction (1.0, 1.0, 1.0)
[     8.942] (II) Loading sub module "fb"
[     8.942] (II) LoadModule: "fb"
[     8.942] (II) Loading /usr/lib/xorg/modules/libfb.so
[     8.949] (II) Module fb: vendor="X.Org Foundation"
[     8.949] 	compiled for 1.20.5, module version = 1.0.0
[     8.949] 	ABI class: X.Org ANSI C Emulation, version 0.4
[     8.949] (II) Loading sub module "dri2"
[     8.949] (II) LoadModule: "dri2"
[     8.949] (II) Module "dri2" already built-in
[     8.949] (II) Loading sub module "dri3"
[     8.949] (II) LoadModule: "dri3"
[     8.949] (II) Module "dri3" already built-in
[     8.949] (II) UnloadModule: "modesetting"
[     8.949] (II) Unloading modesetting
[     8.949] (II) UnloadModule: "fbdev"
[     8.949] (II) Unloading fbdev
[     8.949] (II) UnloadSubModule: "fbdevhw"
[     8.949] (II) Unloading fbdevhw
[     8.949] (II) UnloadModule: "vesa"
[     8.949] (II) Unloading vesa
[     8.951] (II) vmware(0): Initialized VMWARE_CTRL extension version 0.2
[     9.044] (II) vmware(0): Gallium3D XA version: 2.5.0.
[     9.044] (II) vmware(0): Path of drm device is "/dev/dri/card0".
[     9.044] (II) vmware(0): [DRI2] Setup complete
[     9.044] (II) vmware(0): [DRI2]   DRI driver: vmwgfx
[     9.241] (--) vmware(0): Render acceleration is enabled.
[     9.241] (==) vmware(0): Rendercheck mode is disabled.
[     9.241] (--) vmware(0): Direct rendering (DRI2 3D) is enabled.
[     9.241] (--) vmware(0): Direct rendering (DRI3 3D) is enabled.
[     9.241] (==) vmware(0): Direct presents are disabled.
[     9.241] (==) vmware(0): Hardware only presents are automatic per scanout.
[     9.241] (==) vmware(0): Backing store enabled
[     9.241] (==) vmware(0): Silken mouse enabled
[     9.245] (==) vmware(0): DPMS enabled
[     9.245] (II) Initializing extension Generic Event Extension
[     9.245] (II) Initializing extension SHAPE
[     9.246] (II) Initializing extension MIT-SHM
[     9.246] (II) Initializing extension XInputExtension
[     9.247] (II) Initializing extension XTEST
[     9.248] (II) Initializing extension BIG-REQUESTS
[     9.248] (II) Initializing extension SYNC
[     9.248] (II) Initializing extension XKEYBOARD
[     9.249] (II) Initializing extension XC-MISC
[     9.249] (II) Initializing extension SECURITY
[     9.249] (II) Initializing extension XFIXES
[     9.249] (II) Initializing extension RENDER
[     9.249] (II) Initializing extension RANDR
[     9.249] (II) Initializing extension COMPOSITE
[     9.249] (II) Initializing extension DAMAGE
[     9.249] (II) Initializing extension MIT-SCREEN-SAVER
[     9.250] (II) Initializing extension DOUBLE-BUFFER
[     9.250] (II) Initializing extension RECORD
[     9.250] (II) Initializing extension DPMS
[     9.250] (II) Initializing extension Present
[     9.250] (II) Initializing extension DRI3
[     9.250] (II) Initializing extension X-Resource
[     9.250] (II) Initializing extension XVideo
[     9.250] (II) Initializing extension XVideo-MotionCompensation
[     9.250] (II) Initializing extension SELinux
[     9.250] (II) SELinux: Disabled on system
[     9.250] (II) Initializing extension GLX
[     9.424] (II) AIGLX: Loaded and initialized vmwgfx
[     9.424] (II) GLX: Initialized DRI2 GL provider for screen 0
[     9.424] (II) Initializing extension XFree86-VidModeExtension
[     9.424] (II) Initializing extension XFree86-DGA
[     9.424] (II) Initializing extension XFree86-DRI
[     9.424] (II) Initializing extension DRI2
[     9.498] (II) vmware(0): Setting screen physical size to 454 x 248
[     9.705] (II) config/udev: Adding input device Power Button (/dev/input/event0)
[     9.706] (**) Power Button: Applying InputClass "libinput keyboard catchall"
[     9.706] (II) LoadModule: "libinput"
[     9.706] (II) Loading /usr/lib/xorg/modules/input/libinput_drv.so
[     9.718] (II) Module libinput: vendor="X.Org Foundation"
[     9.718] 	compiled for 1.20.1, module version = 0.28.1
[     9.718] 	Module class: X.Org XInput Driver
[     9.718] 	ABI class: X.Org XInput driver, version 24.1
[     9.718] (II) Using input driver 'libinput' for 'Power Button'
[     9.719] (II) systemd-logind: got fd for /dev/input/event0 13:64 fd 24 paused 0
[     9.719] (**) Power Button: always reports core events
[     9.720] (**) Option "Device" "/dev/input/event0"
[     9.720] (**) Option "_source" "server/udev"
[     9.720] (II) event0  - Power Button: is tagged by udev as: Keyboard
[     9.720] (II) event0  - Power Button: device is a keyboard
[     9.720] (II) event0  - Power Button: device removed
[     9.720] (**) Option "config_info" "udev:/sys/devices/LNXSYSTM:00/LNXPWRBN:00/input/input0/event0"
[     9.721] (II) XINPUT: Adding extended input device "Power Button" (type: KEYBOARD, id 6)
[     9.721] (**) Option "xkb_layout" "fr"
[     9.784] (II) event0  - Power Button: is tagged by udev as: Keyboard
[     9.784] (II) event0  - Power Button: device is a keyboard
[     9.785] (II) config/udev: Adding input device VMware VMware Virtual USB Mouse (/dev/input/event4)
[     9.785] (**) VMware VMware Virtual USB Mouse: Applying InputClass "libinput pointer catchall"
[     9.785] (II) Using input driver 'libinput' for 'VMware VMware Virtual USB Mouse'
[     9.844] (II) systemd-logind: got fd for /dev/input/event4 13:68 fd 27 paused 0
[     9.844] (**) VMware VMware Virtual USB Mouse: always reports core events
[     9.844] (**) Option "Device" "/dev/input/event4"
[     9.844] (**) Option "_source" "server/udev"
[     9.845] (II) event4  - VMware VMware Virtual USB Mouse: is tagged by udev as: Mouse
[     9.845] (II) event4  - VMware VMware Virtual USB Mouse: device is a pointer
[     9.845] (II) event4  - VMware VMware Virtual USB Mouse: device removed
[     9.845] (**) Option "config_info" "udev:/sys/devices/pci0000:00/0000:00:11.0/0000:02:00.0/usb2/2-1/2-1:1.0/0003:0E0F:0003.0001/input/input5/event4"
[     9.845] (II) XINPUT: Adding extended input device "VMware VMware Virtual USB Mouse" (type: MOUSE, id 7)
[     9.845] (**) Option "AccelerationScheme" "none"
[     9.845] (**) VMware VMware Virtual USB Mouse: (accel) selected scheme none/0
[     9.845] (**) VMware VMware Virtual USB Mouse: (accel) acceleration factor: 2.000
[     9.845] (**) VMware VMware Virtual USB Mouse: (accel) acceleration threshold: 4
[     9.846] (II) event4  - VMware VMware Virtual USB Mouse: is tagged by udev as: Mouse
[     9.846] (II) event4  - VMware VMware Virtual USB Mouse: device is a pointer
[     9.846] (II) config/udev: Adding input device VMware VMware Virtual USB Mouse (/dev/input/mouse2)
[     9.846] (II) No input driver specified, ignoring this device.
[     9.846] (II) This device may have been added with another device file.
[     9.847] (II) config/udev: Adding input device AT Translated Set 2 keyboard (/dev/input/event1)
[     9.847] (**) AT Translated Set 2 keyboard: Applying InputClass "libinput keyboard catchall"
[     9.847] (II) Using input driver 'libinput' for 'AT Translated Set 2 keyboard'
[     9.849] (II) systemd-logind: got fd for /dev/input/event1 13:65 fd 28 paused 0
[     9.849] (**) AT Translated Set 2 keyboard: always reports core events
[     9.849] (**) Option "Device" "/dev/input/event1"
[     9.849] (**) Option "_source" "server/udev"
[     9.849] (II) event1  - AT Translated Set 2 keyboard: is tagged by udev as: Keyboard
[     9.849] (II) event1  - AT Translated Set 2 keyboard: device is a keyboard
[     9.849] (II) event1  - AT Translated Set 2 keyboard: device removed
[     9.849] (**) Option "config_info" "udev:/sys/devices/platform/i8042/serio0/input/input1/event1"
[     9.849] (II) XINPUT: Adding extended input device "AT Translated Set 2 keyboard" (type: KEYBOARD, id 8)
[     9.849] (**) Option "xkb_layout" "fr"
[     9.850] (II) event1  - AT Translated Set 2 keyboard: is tagged by udev as: Keyboard
[     9.850] (II) event1  - AT Translated Set 2 keyboard: device is a keyboard
[     9.850] (II) config/udev: Adding input device VirtualPS/2 VMware VMMouse (/dev/input/event3)
[     9.850] (**) VirtualPS/2 VMware VMMouse: Applying InputClass "libinput pointer catchall"
[     9.850] (II) Using input driver 'libinput' for 'VirtualPS/2 VMware VMMouse'
[     9.852] (II) systemd-logind: got fd for /dev/input/event3 13:67 fd 29 paused 0
[     9.853] (**) VirtualPS/2 VMware VMMouse: always reports core events
[     9.853] (**) Option "Device" "/dev/input/event3"
[     9.853] (**) Option "_source" "server/udev"
[     9.853] (II) event3  - VirtualPS/2 VMware VMMouse: is tagged by udev as: Mouse
[     9.853] (II) event3  - VirtualPS/2 VMware VMMouse: device is a pointer
[     9.853] (II) event3  - VirtualPS/2 VMware VMMouse: device removed
[     9.853] (**) Option "config_info" "udev:/sys/devices/platform/i8042/serio1/input/input3/event3"
[     9.853] (II) XINPUT: Adding extended input device "VirtualPS/2 VMware VMMouse" (type: MOUSE, id 9)
[     9.853] (**) Option "AccelerationScheme" "none"
[     9.853] (**) VirtualPS/2 VMware VMMouse: (accel) selected scheme none/0
[     9.853] (**) VirtualPS/2 VMware VMMouse: (accel) acceleration factor: 2.000
[     9.853] (**) VirtualPS/2 VMware VMMouse: (accel) acceleration threshold: 4
[     9.854] (II) event3  - VirtualPS/2 VMware VMMouse: is tagged by udev as: Mouse
[     9.854] (II) event3  - VirtualPS/2 VMware VMMouse: device is a pointer
[     9.854] (II) config/udev: Adding input device VirtualPS/2 VMware VMMouse (/dev/input/mouse1)
[     9.854] (II) No input driver specified, ignoring this device.
[     9.854] (II) This device may have been added with another device file.
[     9.854] (II) config/udev: Adding input device VirtualPS/2 VMware VMMouse (/dev/input/event2)
[     9.854] (**) VirtualPS/2 VMware VMMouse: Applying InputClass "libinput pointer catchall"
[     9.854] (II) Using input driver 'libinput' for 'VirtualPS/2 VMware VMMouse'
[     9.857] (II) systemd-logind: got fd for /dev/input/event2 13:66 fd 30 paused 0
[     9.857] (**) VirtualPS/2 VMware VMMouse: always reports core events
[     9.857] (**) Option "Device" "/dev/input/event2"
[     9.857] (**) Option "_source" "server/udev"
[     9.857] (II) event2  - VirtualPS/2 VMware VMMouse: is tagged by udev as: Mouse
[     9.857] (II) event2  - VirtualPS/2 VMware VMMouse: device is a pointer
[     9.857] (II) event2  - VirtualPS/2 VMware VMMouse: device removed
[     9.857] (**) Option "config_info" "udev:/sys/devices/platform/i8042/serio1/input/input4/event2"
[     9.858] (II) XINPUT: Adding extended input device "VirtualPS/2 VMware VMMouse" (type: MOUSE, id 10)
[     9.858] (**) Option "AccelerationScheme" "none"
[     9.858] (**) VirtualPS/2 VMware VMMouse: (accel) selected scheme none/0
[     9.858] (**) VirtualPS/2 VMware VMMouse: (accel) acceleration factor: 2.000
[     9.858] (**) VirtualPS/2 VMware VMMouse: (accel) acceleration threshold: 4
[     9.858] (II) event2  - VirtualPS/2 VMware VMMouse: is tagged by udev as: Mouse
[     9.859] (II) event2  - VirtualPS/2 VMware VMMouse: device is a pointer
[     9.859] (II) config/udev: Adding input device VirtualPS/2 VMware VMMouse (/dev/input/mouse0)
[     9.859] (II) No input driver specified, ignoring this device.
[     9.859] (II) This device may have been added with another device file.
[     9.872] (II) config/udev: Adding input device VMware VMware Virtual USB Mouse (/dev/input/mouse2)
[     9.872] (II) No input driver specified, ignoring this device.
[     9.872] (II) This device may have been added with another device file.
[     9.872] (II) config/udev: removing device VMware VMware Virtual USB Mouse
[     9.873] (**) Option "fd" "27"
[     9.873] (II) event4  - VMware VMware Virtual USB Mouse: device removed
[     9.873] (II) UnloadModule: "libinput"
[     9.873] (II) systemd-logind: releasing fd for 13:68
[     9.916] (II) config/udev: Adding input device VMware VMware Virtual USB Mouse (/dev/input/event4)
[     9.916] (**) VMware VMware Virtual USB Mouse: Applying InputClass "libinput pointer catchall"
[     9.916] (II) Using input driver 'libinput' for 'VMware VMware Virtual USB Mouse'
[     9.980] (II) systemd-logind: got fd for /dev/input/event4 13:68 fd 8 paused 0
[     9.981] (**) VMware VMware Virtual USB Mouse: always reports core events
[     9.981] (**) Option "Device" "/dev/input/event4"
[     9.981] (**) Option "_source" "server/udev"
[     9.981] (II) event4  - VMware VMware Virtual USB Mouse: is tagged by udev as: Mouse
[     9.981] (II) event4  - VMware VMware Virtual USB Mouse: device is a pointer
[     9.981] (II) event4  - VMware VMware Virtual USB Mouse: device removed
[     9.981] (**) Option "config_info" "udev:/sys/devices/pci0000:00/0000:00:11.0/0000:02:00.0/usb2/2-1/2-1:1.0/0003:0E0F:0003.0001/input/input5/event4"
[     9.981] (II) XINPUT: Adding extended input device "VMware VMware Virtual USB Mouse" (type: MOUSE, id 7)
[     9.982] (**) Option "AccelerationScheme" "none"
[     9.982] (**) VMware VMware Virtual USB Mouse: (accel) selected scheme none/0
[     9.982] (**) VMware VMware Virtual USB Mouse: (accel) acceleration factor: 2.000
[     9.982] (**) VMware VMware Virtual USB Mouse: (accel) acceleration threshold: 4
[     9.982] (II) event4  - VMware VMware Virtual USB Mouse: is tagged by udev as: Mouse
[     9.982] (II) event4  - VMware VMware Virtual USB Mouse: device is a pointer
[     9.984] (II) config/udev: Adding input device VirtualPS/2 VMware VMMouse (/dev/input/mouse1)
[     9.984] (II) No input driver specified, ignoring this device.
[     9.984] (II) This device may have been added with another device file.
[     9.984] (II) config/udev: Adding input device VirtualPS/2 VMware VMMouse (/dev/input/mouse0)
[     9.984] (II) No input driver specified, ignoring this device.
[     9.984] (II) This device may have been added with another device file.
[     9.984] (II) config/udev: removing device AT Translated Set 2 keyboard
[     9.985] (**) Option "fd" "28"
[     9.985] (II) event1  - AT Translated Set 2 keyboard: device removed
[     9.985] (II) UnloadModule: "libinput"
[     9.985] (II) systemd-logind: releasing fd for 13:65
[    10.004] (II) config/udev: Adding input device AT Translated Set 2 keyboard (/dev/input/event1)
[    10.004] (**) AT Translated Set 2 keyboard: Applying InputClass "libinput keyboard catchall"
[    10.004] (II) Using input driver 'libinput' for 'AT Translated Set 2 keyboard'
[    10.006] (II) systemd-logind: got fd for /dev/input/event1 13:65 fd 26 paused 0
[    10.006] (**) AT Translated Set 2 keyboard: always reports core events
[    10.006] (**) Option "Device" "/dev/input/event1"
[    10.006] (**) Option "_source" "server/udev"
[    10.006] (II) event1  - AT Translated Set 2 keyboard: is tagged by udev as: Keyboard
[    10.006] (II) event1  - AT Translated Set 2 keyboard: device is a keyboard
[    10.006] (II) event1  - AT Translated Set 2 keyboard: device removed
[    10.007] (**) Option "config_info" "udev:/sys/devices/platform/i8042/serio0/input/input1/event1"
[    10.007] (II) XINPUT: Adding extended input device "AT Translated Set 2 keyboard" (type: KEYBOARD, id 8)
[    10.007] (**) Option "xkb_layout" "fr"
[    10.007] (II) event1  - AT Translated Set 2 keyboard: is tagged by udev as: Keyboard
[    10.007] (II) event1  - AT Translated Set 2 keyboard: device is a keyboard
[    10.008] (II) config/udev: removing device VirtualPS/2 VMware VMMouse
[    10.008] (**) Option "fd" "29"
[    10.008] (II) event3  - VirtualPS/2 VMware VMMouse: device removed
[    10.008] (II) UnloadModule: "libinput"
[    10.008] (II) systemd-logind: releasing fd for 13:67
[    10.040] (II) config/udev: Adding input device VirtualPS/2 VMware VMMouse (/dev/input/event3)
[    10.040] (**) VirtualPS/2 VMware VMMouse: Applying InputClass "libinput pointer catchall"
[    10.040] (II) Using input driver 'libinput' for 'VirtualPS/2 VMware VMMouse'
[    10.043] (II) systemd-logind: got fd for /dev/input/event3 13:67 fd 27 paused 0
[    10.043] (**) VirtualPS/2 VMware VMMouse: always reports core events
[    10.043] (**) Option "Device" "/dev/input/event3"
[    10.043] (**) Option "_source" "server/udev"
[    10.044] (II) event3  - VirtualPS/2 VMware VMMouse: is tagged by udev as: Mouse
[    10.044] (II) event3  - VirtualPS/2 VMware VMMouse: device is a pointer
[    10.044] (II) event3  - VirtualPS/2 VMware VMMouse: device removed
[    10.044] (**) Option "config_info" "udev:/sys/devices/platform/i8042/serio1/input/input3/event3"
[    10.044] (II) XINPUT: Adding extended input device "VirtualPS/2 VMware VMMouse" (type: MOUSE, id 9)
[    10.044] (**) Option "AccelerationScheme" "none"
[    10.044] (**) VirtualPS/2 VMware VMMouse: (accel) selected scheme none/0
[    10.044] (**) VirtualPS/2 VMware VMMouse: (accel) acceleration factor: 2.000
[    10.044] (**) VirtualPS/2 VMware VMMouse: (accel) acceleration threshold: 4
[    10.045] (II) event3  - VirtualPS/2 VMware VMMouse: is tagged by udev as: Mouse
[    10.045] (II) event3  - VirtualPS/2 VMware VMMouse: device is a pointer
[    10.045] (II) config/udev: removing device VirtualPS/2 VMware VMMouse
[    10.045] (**) Option "fd" "30"
[    10.045] (II) event2  - VirtualPS/2 VMware VMMouse: device removed
[    10.045] (II) UnloadModule: "libinput"
[    10.045] (II) systemd-logind: releasing fd for 13:66
[    10.088] (II) config/udev: Adding input device VirtualPS/2 VMware VMMouse (/dev/input/event2)
[    10.088] (**) VirtualPS/2 VMware VMMouse: Applying InputClass "libinput pointer catchall"
[    10.088] (II) Using input driver 'libinput' for 'VirtualPS/2 VMware VMMouse'
[    10.094] (II) systemd-logind: got fd for /dev/input/event2 13:66 fd 28 paused 0
[    10.094] (**) VirtualPS/2 VMware VMMouse: always reports core events
[    10.094] (**) Option "Device" "/dev/input/event2"
[    10.094] (**) Option "_source" "server/udev"
[    10.094] (II) event2  - VirtualPS/2 VMware VMMouse: is tagged by udev as: Mouse
[    10.094] (II) event2  - VirtualPS/2 VMware VMMouse: device is a pointer
[    10.094] (II) event2  - VirtualPS/2 VMware VMMouse: device removed
[    10.094] (**) Option "config_info" "udev:/sys/devices/platform/i8042/serio1/input/input4/event2"
[    10.094] (II) XINPUT: Adding extended input device "VirtualPS/2 VMware VMMouse" (type: MOUSE, id 10)
[    10.095] (**) Option "AccelerationScheme" "none"
[    10.095] (**) VirtualPS/2 VMware VMMouse: (accel) selected scheme none/0
[    10.095] (**) VirtualPS/2 VMware VMMouse: (accel) acceleration factor: 2.000
[    10.095] (**) VirtualPS/2 VMware VMMouse: (accel) acceleration threshold: 4
[    10.095] (II) event2  - VirtualPS/2 VMware VMMouse: is tagged by udev as: Mouse
[    10.095] (II) event2  - VirtualPS/2 VMware VMMouse: device is a pointer
[    10.783] (!!) vmware(0): New layout.
[    10.783] (!!) vmware(0): 0: 0 0 1718 938
[    10.783] (!!) vmware(0): 
[ 13392.904] (!!) vmware(0): New layout.
[ 13392.904] (!!) vmware(0): 0: 0 0 1920 1080
[ 13392.904] (!!) vmware(0): 
